# JRE version: Java(TM) SE Runtime Environment (11.0.2+9) (build 11.0.2+9-LTS)
# Java VM: Java HotSpot(TM) 64-Bit Server VM (11.0.2+9-LTS, mixed mode, tiered, compressed oops, g1 gc, bsd-amd64)
Heap:
 garbage-first heap   total 131072K, used 6253K [0x0000000780000000, 0x0000000800000000)
  region size 1024K, 4 young (4096K), 3 survivors (3072K)
 Metaspace       used 12839K, capacity 13263K, committed 13312K, reserved 1060864K
  class space    used 1321K, capacity 1517K, committed 1536K, reserved 1048576K
GC Heap History (10 events):
Event: 8.102 GC heap before
{Heap before GC invocations=5 (full 0):
 garbage-first heap   total 131072K, used 77012K [0x0000000780000000, 0x0000000800000000)
  region size 1024K, 76 young (77824K), 3 survivors (3072K)
 Metaspace       used 12459K, capacity 12845K, committed 13056K, reserved 1060864K
  class space    used 1295K, capacity 1484K, committed 1536K, reserved 1048576K
}
Event: 8.106 GC heap after
{Heap after GC invocations=6 (full 0):
 garbage-first heap   total 131072K, used 2158K [0x0000000780000000, 0x0000000800000000)
  region size 1024K, 3 young (3072K), 3 survivors (3072K)
 Metaspace       used 12459K, capacity 12845K, committed 13056K, reserved 1060864K
  class space    used 1295K, capacity 1484K, committed 1536K, reserved 1048576K
}
Event: 9.662 GC heap before
{Heap before GC invocations=6 (full 0):
 garbage-first heap   total 131072K, used 76910K [0x0000000780000000, 0x0000000800000000)
  region size 1024K, 76 young (77824K), 3 survivors (3072K)
 Metaspace       used 12486K, capacity 12909K, committed 13056K, reserved 1060864K
  class space    used 1295K, capacity 1484K, committed 1536K, reserved 1048576K
}
Event: 9.667 GC heap after
{Heap after GC invocations=7 (full 0):
 garbage-first heap   total 131072K, used 2260K [0x0000000780000000, 0x0000000800000000)
  region size 1024K, 3 young (3072K), 3 survivors (3072K)
 Metaspace       used 12486K, capacity 12909K, committed 13056K, reserved 1060864K
  class space    used 1295K, capacity 1484K, committed 1536K, reserved 1048576K
}
Event: 11.078 GC heap before
{Heap before GC invocations=7 (full 0):
 garbage-first heap   total 131072K, used 77012K [0x0000000780000000, 0x0000000800000000)
  region size 1024K, 76 young (77824K), 3 survivors (3072K)
 Metaspace       used 12497K, capacity 12909K, committed 13056K, reserved 1060864K
  class space    used 1295K, capacity 1484K, committed 1536K, reserved 1048576K
}
Event: 11.081 GC heap after
{Heap after GC invocations=8 (full 0):
 garbage-first heap   total 131072K, used 2259K [0x0000000780000000, 0x0000000800000000)
  region size 1024K, 3 young (3072K), 3 survivors (3072K)
 Metaspace       used 12497K, capacity 12909K, committed 13056K, reserved 1060864K
  class space    used 1295K, capacity 1484K, committed 1536K, reserved 1048576K
}
Event: 14.337 GC heap before
{Heap before GC invocations=8 (full 0):
 garbage-first heap   total 131072K, used 77011K [0x0000000780000000, 0x0000000800000000)
  region size 1024K, 76 young (77824K), 3 survivors (3072K)
 Metaspace       used 12524K, capacity 12909K, committed 13056K, reserved 1060864K
  class space    used 1295K, capacity 1484K, committed 1536K, reserved 1048576K
}
Event: 14.354 GC heap after
{Heap after GC invocations=9 (full 0):
 garbage-first heap   total 131072K, used 2362K [0x0000000780000000, 0x0000000800000000)
  region size 1024K, 3 young (3072K), 3 survivors (3072K)
 Metaspace       used 12524K, capacity 12909K, committed 13056K, reserved 1060864K
  class space    used 1295K, capacity 1484K, committed 1536K, reserved 1048576K
}
Event: 15.571 GC heap before
{Heap before GC invocations=9 (full 0):
 garbage-first heap   total 131072K, used 81210K [0x0000000780000000, 0x0000000800000000)
  region size 1024K, 76 young (77824K), 3 survivors (3072K)
 Metaspace       used 12839K, capacity 13263K, committed 13312K, reserved 1060864K
  class space    used 1321K, capacity 1517K, committed 1536K, reserved 1048576K
}
Event: 15.574 GC heap after
{Heap after GC invocations=10 (full 0):
 garbage-first heap   total 131072K, used 6253K [0x0000000780000000, 0x0000000800000000)
  region size 1024K, 3 young (3072K), 3 survivors (3072K)
 Metaspace       used 12839K, capacity 13263K, committed 13312K, reserved 1060864K
  class space    used 1321K, capacity 1517K, committed 1536K, reserved 1048576K
}

